
Showing logs for build [32mcb-kubecd-environment-pr-201-26-n5rz8-1[0m stage [32mfrom-build-pack[0m and container [32mstep-credential-initializer-brtj6[0m
{"level":"warn","ts":1586994629.2580996,"logger":"fallback-logger","caller":"logging/config.go:69","msg":"Fetch GitHub commit ID from kodata failed: \"ref: refs/heads/0.8.0-**-support-backwards-incompats\" is not a valid GitHub commit ID"}
{"level":"info","ts":1586994629.2590473,"logger":"fallback-logger","caller":"creds-init/main.go:40","msg":"Credentials initialized."}

Showing logs for build [32mcb-kubecd-environment-pr-201-26-n5rz8-1[0m stage [32mfrom-build-pack[0m and container [32mstep-working-dir-initializer-6mt89[0m
{"level":"warn","ts":1586994630.4328237,"logger":"fallback-logger","caller":"logging/config.go:69","msg":"Fetch GitHub commit ID from kodata failed: open /var/run/ko/HEAD: no such file or directory"}
{"level":"info","ts":1586994630.4347384,"logger":"fallback-logger","caller":"bash/main.go:64","msg":"Successfully executed command \"sh -c mkdir -p /workspace/source\"; output "}

Showing logs for build [32mcb-kubecd-environment-pr-201-26-n5rz8-1[0m stage [32mfrom-build-pack[0m and container [32mstep-place-tools[0m

Showing logs for build [32mcb-kubecd-environment-pr-201-26-n5rz8-1[0m stage [32mfrom-build-pack[0m and container [32mstep-git-source-cb-kubecd-environment-pr-201-26-n5rz8-l6dxr[0m
{"level":"warn","ts":1586994636.7542226,"logger":"fallback-logger","caller":"logging/config.go:69","msg":"Fetch GitHub commit ID from kodata failed: \"ref: refs/heads/0.8.0-**-support-backwards-incompats\" is not a valid GitHub commit ID"}
{"level":"info","ts":1586994637.892979,"logger":"fallback-logger","caller":"git/git.go:103","msg":"Successfully cloned https://github.com/cb-kubecd/environment-pr-201-26-boot-gke-staging.git @ master in path /workspace/source"}

Showing logs for build [32mcb-kubecd-environment-pr-201-26-n5rz8-1[0m stage [32mfrom-build-pack[0m and container [32mstep-git-merge[0m
Using SHAs from PULL_REFS=master:9d42538f4d28aa8f9ac9ed9433a63e16586da94d,8:bbef31ea6867e678ff46eb3cea1e7f5d45b51a9c
DEBUG: LC_ALL=C JX_LOG_LEVEL=error git fetch origin --unshallow bbef31ea6867e678ff46eb3cea1e7f5d45b51a9c: 9d42538f4d28aa8f9ac9ed9433a63e16586da94d:
DEBUG: ran git fetch --unshallow origin bbef31ea6867e678ff46eb3cea1e7f5d45b51a9c: 9d42538f4d28aa8f9ac9ed9433a63e16586da94d: in 
DEBUG: LC_ALL=C JX_LOG_LEVEL=error git branch
DEBUG: LC_ALL=C JX_LOG_LEVEL=error git checkout master
DEBUG: ran git checkout master in 
DEBUG: LC_ALL=C JX_LOG_LEVEL=error git reset --hard 9d42538f4d28aa8f9ac9ed9433a63e16586da94d
DEBUG: ran git reset --hard 9d42538f4d28aa8f9ac9ed9433a63e16586da94d in 
DEBUG: LC_ALL=C JX_LOG_LEVEL=error git clean -fd .
DEBUG: ran clean --force -d . in 
DEBUG: LC_ALL=C JX_LOG_LEVEL=error git merge bbef31ea6867e678ff46eb3cea1e7f5d45b51a9c
DEBUG: ran git merge bbef31ea6867e678ff46eb3cea1e7f5d45b51a9c in 
DEBUG: LC_ALL=C JX_LOG_LEVEL=error git log --format=%H%x1f%an%x1f%ae%x1f%cn%x1f%ce%x1f%s%n%b%x1e 9d42538f4d28aa8f9ac9ed9433a63e16586da94d..HEAD
Merged SHA bbef31ea6867e678ff46eb3cea1e7f5d45b51a9c with commit message 'chore: Promote bdd-ghf**y-import-1586992788 to version 0.0.1' into base branch master

Showing logs for build [32mcb-kubecd-environment-pr-201-26-n5rz8-1[0m stage [32mfrom-build-pack[0m and container [32mstep-build-helm-build[0m
WARNING: No $CHART_REPOSITORY defined so using the default value of: http://jenkins-x-chartmuseum:8080
Adding missing Helm repo: storage.googleapis.com https://storage.googleapis.com/chartmuseum.jenkins-x.io
WARNING: No secrets found on "helm/repos" due: reading the secret "helm/repos" from vault: no secret "helm/repos" not found in vault
Read credentials for https://storage.googleapis.com/chartmuseum.jenkins-x.io from vault helm/repos
Successfully added Helm repository storage.googleapis.com.
Adding missing Helm repo: jenkins-x-chartmuseum http://jenkins-x-chartmuseum:8080
WARNING: No secrets found on "helm/repos" due: reading the secret "helm/repos" from vault: no secret "helm/repos" not found in vault
Read credentials for http://jenkins-x-chartmuseum:8080 from vault helm/repos
Successfully added Helm repository jenkins-x-chartmuseum.
WARNING: No $CHART_REPOSITORY defined so using the default value of: http://jenkins-x-chartmuseum:8080
Adding missing Helm repo: chartmuseum.jenkins-x.io http://chartmuseum.jenkins-x.io
WARNING: No secrets found on "helm/repos" due: reading the secret "helm/repos" from vault: no secret "helm/repos" not found in vault
Read credentials for http://chartmuseum.jenkins-x.io from vault helm/repos
Successfully added Helm repository chartmuseum.jenkins-x.io.
