
Showing logs for build [32mcb-kubecd-environment-pr-201-26-c7xpv-1[0m stage [32mfrom-build-pack[0m and container [32mstep-credential-initializer-ww4nn[0m
{"level":"warn","ts":1586989812.2000604,"logger":"fallback-logger","caller":"logging/config.go:69","msg":"Fetch GitHub commit ID from kodata failed: \"ref: refs/heads/0.8.0-**-support-backwards-incompats\" is not a valid GitHub commit ID"}
{"level":"info","ts":1586989812.200834,"logger":"fallback-logger","caller":"creds-init/main.go:40","msg":"Credentials initialized."}

Showing logs for build [32mcb-kubecd-environment-pr-201-26-c7xpv-1[0m stage [32mfrom-build-pack[0m and container [32mstep-working-dir-initializer-84mpd[0m
{"level":"warn","ts":1586989813.1104999,"logger":"fallback-logger","caller":"logging/config.go:69","msg":"Fetch GitHub commit ID from kodata failed: open /var/run/ko/HEAD: no such file or directory"}
{"level":"info","ts":1586989813.1123414,"logger":"fallback-logger","caller":"bash/main.go:64","msg":"Successfully executed command \"sh -c mkdir -p /workspace/source\"; output "}

Showing logs for build [32mcb-kubecd-environment-pr-201-26-c7xpv-1[0m stage [32mfrom-build-pack[0m and container [32mstep-place-tools[0m

Showing logs for build [32mcb-kubecd-environment-pr-201-26-c7xpv-1[0m stage [32mfrom-build-pack[0m and container [32mstep-git-source-cb-kubecd-environment-pr-201-26-c7xpv-wjcmt[0m
{"level":"warn","ts":1586989819.26953,"logger":"fallback-logger","caller":"logging/config.go:69","msg":"Fetch GitHub commit ID from kodata failed: \"ref: refs/heads/0.8.0-**-support-backwards-incompats\" is not a valid GitHub commit ID"}
{"level":"info","ts":1586989820.515791,"logger":"fallback-logger","caller":"git/git.go:103","msg":"Successfully cloned https://github.com/cb-kubecd/environment-pr-201-26-boot-gke-staging.git @ master in path /workspace/source"}

Showing logs for build [32mcb-kubecd-environment-pr-201-26-c7xpv-1[0m stage [32mfrom-build-pack[0m and container [32mstep-git-merge[0m
Using SHAs from PULL_REFS=master:017ae71fe13204a9ff03abe7accf41a6f61a4a4d,1:b6f1493fe49b6f1714998b019d5810eabebda990
DEBUG: LC_ALL=C JX_LOG_LEVEL=error git fetch origin --unshallow b6f1493fe49b6f1714998b019d5810eabebda990: 017ae71fe13204a9ff03abe7accf41a6f61a4a4d:
DEBUG: ran git fetch --unshallow origin b6f1493fe49b6f1714998b019d5810eabebda990: 017ae71fe13204a9ff03abe7accf41a6f61a4a4d: in 
DEBUG: JX_LOG_LEVEL=error LC_ALL=C git branch
DEBUG: LC_ALL=C JX_LOG_LEVEL=error git checkout master
DEBUG: ran git checkout master in 
DEBUG: LC_ALL=C JX_LOG_LEVEL=error git reset --hard 017ae71fe13204a9ff03abe7accf41a6f61a4a4d
DEBUG: ran git reset --hard 017ae71fe13204a9ff03abe7accf41a6f61a4a4d in 
DEBUG: LC_ALL=C JX_LOG_LEVEL=error git clean -fd .
DEBUG: ran clean --force -d . in 
DEBUG: LC_ALL=C JX_LOG_LEVEL=error git merge b6f1493fe49b6f1714998b019d5810eabebda990
DEBUG: ran git merge b6f1493fe49b6f1714998b019d5810eabebda990 in 
DEBUG: LC_ALL=C JX_LOG_LEVEL=error git log --format=%H%x1f%an%x1f%ae%x1f%cn%x1f%ce%x1f%s%n%b%x1e 017ae71fe13204a9ff03abe7accf41a6f61a4a4d..HEAD
Merged SHA b6f1493fe49b6f1714998b019d5810eabebda990 with commit message 'chore: Promote bdd-spring-1586989443 to version 0.0.1' into base branch master

Showing logs for build [32mcb-kubecd-environment-pr-201-26-c7xpv-1[0m stage [32mfrom-build-pack[0m and container [32mstep-build-helm-build[0m
WARNING: No $CHART_REPOSITORY defined so using the default value of: http://jenkins-x-chartmuseum:8080
Adding missing Helm repo: storage.googleapis.com https://storage.googleapis.com/chartmuseum.jenkins-x.io
WARNING: No secrets found on "helm/repos" due: reading the secret "helm/repos" from vault: no secret "helm/repos" not found in vault
Read credentials for https://storage.googleapis.com/chartmuseum.jenkins-x.io from vault helm/repos
Successfully added Helm repository storage.googleapis.com.
Adding missing Helm repo: jenkins-x-chartmuseum http://jenkins-x-chartmuseum:8080
WARNING: No secrets found on "helm/repos" due: reading the secret "helm/repos" from vault: no secret "helm/repos" not found in vault
Read credentials for http://jenkins-x-chartmuseum:8080 from vault helm/repos
Successfully added Helm repository jenkins-x-chartmuseum.
WARNING: No $CHART_REPOSITORY defined so using the default value of: http://jenkins-x-chartmuseum:8080
Adding missing Helm repo: chartmuseum.jenkins-x.io http://chartmuseum.jenkins-x.io
WARNING: No secrets found on "helm/repos" due: reading the secret "helm/repos" from vault: no secret "helm/repos" not found in vault
Read credentials for http://chartmuseum.jenkins-x.io from vault helm/repos
Successfully added Helm repository chartmuseum.jenkins-x.io.
