
Showing logs for build [32mcb-kubecd-environment-pr-201-26-cfd8n-1[0m stage [32mfrom-build-pack[0m and container [32mstep-credential-initializer-2q6fp[0m
{"level":"warn","ts":1586994268.6571708,"logger":"fallback-logger","caller":"logging/config.go:69","msg":"Fetch GitHub commit ID from kodata failed: \"ref: refs/heads/0.8.0-**-support-backwards-incompats\" is not a valid GitHub commit ID"}
{"level":"info","ts":1586994268.6578534,"logger":"fallback-logger","caller":"creds-init/main.go:40","msg":"Credentials initialized."}

Showing logs for build [32mcb-kubecd-environment-pr-201-26-cfd8n-1[0m stage [32mfrom-build-pack[0m and container [32mstep-working-dir-initializer-lmp4j[0m
{"level":"warn","ts":1586994269.6680732,"logger":"fallback-logger","caller":"logging/config.go:69","msg":"Fetch GitHub commit ID from kodata failed: open /var/run/ko/HEAD: no such file or directory"}
{"level":"info","ts":1586994269.669686,"logger":"fallback-logger","caller":"bash/main.go:64","msg":"Successfully executed command \"sh -c mkdir -p /workspace/source\"; output "}

Showing logs for build [32mcb-kubecd-environment-pr-201-26-cfd8n-1[0m stage [32mfrom-build-pack[0m and container [32mstep-place-tools[0m

Showing logs for build [32mcb-kubecd-environment-pr-201-26-cfd8n-1[0m stage [32mfrom-build-pack[0m and container [32mstep-git-source-cb-kubecd-environment-pr-201-26-cfd8n-9bkld[0m
{"level":"warn","ts":1586994273.950937,"logger":"fallback-logger","caller":"logging/config.go:69","msg":"Fetch GitHub commit ID from kodata failed: \"ref: refs/heads/0.8.0-**-support-backwards-incompats\" is not a valid GitHub commit ID"}
{"level":"info","ts":1586994274.9996853,"logger":"fallback-logger","caller":"git/git.go:103","msg":"Successfully cloned https://github.com/cb-kubecd/environment-pr-201-26-boot-gke-staging.git @ master in path /workspace/source"}

Showing logs for build [32mcb-kubecd-environment-pr-201-26-cfd8n-1[0m stage [32mfrom-build-pack[0m and container [32mstep-git-merge[0m
Using SHAs from PULL_REFS=master:d544549ea9b840ac36076e6bb1a3d87c5aa16126,7:13cce811904f187eb926d6b321187a2291534bce
DEBUG: LC_ALL=C JX_LOG_LEVEL=error git fetch origin --unshallow 13cce811904f187eb926d6b321187a2291534bce: d544549ea9b840ac36076e6bb1a3d87c5aa16126:
DEBUG: ran git fetch --unshallow origin 13cce811904f187eb926d6b321187a2291534bce: d544549ea9b840ac36076e6bb1a3d87c5aa16126: in 
DEBUG: JX_LOG_LEVEL=error LC_ALL=C git branch
DEBUG: LC_ALL=C JX_LOG_LEVEL=error git checkout master
DEBUG: ran git checkout master in 
DEBUG: LC_ALL=C JX_LOG_LEVEL=error git reset --hard d544549ea9b840ac36076e6bb1a3d87c5aa16126
DEBUG: ran git reset --hard d544549ea9b840ac36076e6bb1a3d87c5aa16126 in 
DEBUG: JX_LOG_LEVEL=error LC_ALL=C git clean -fd .
DEBUG: ran clean --force -d . in 
DEBUG: LC_ALL=C JX_LOG_LEVEL=error git merge 13cce811904f187eb926d6b321187a2291534bce
DEBUG: ran git merge 13cce811904f187eb926d6b321187a2291534bce in 
DEBUG: LC_ALL=C JX_LOG_LEVEL=error git log --format=%H%x1f%an%x1f%ae%x1f%cn%x1f%ce%x1f%s%n%b%x1e d544549ea9b840ac36076e6bb1a3d87c5aa16126..HEAD
Merged SHA 13cce811904f187eb926d6b321187a2291534bce with commit message 'chore: Promote bdd-nh-import-1586992788 to version 0.0.1' into base branch master

Showing logs for build [32mcb-kubecd-environment-pr-201-26-cfd8n-1[0m stage [32mfrom-build-pack[0m and container [32mstep-build-helm-build[0m
WARNING: No $CHART_REPOSITORY defined so using the default value of: http://jenkins-x-chartmuseum:8080
Adding missing Helm repo: storage.googleapis.com https://storage.googleapis.com/chartmuseum.jenkins-x.io
WARNING: No secrets found on "helm/repos" due: reading the secret "helm/repos" from vault: no secret "helm/repos" not found in vault
Read credentials for https://storage.googleapis.com/chartmuseum.jenkins-x.io from vault helm/repos
Successfully added Helm repository storage.googleapis.com.
Adding missing Helm repo: jenkins-x-chartmuseum http://jenkins-x-chartmuseum:8080
WARNING: No secrets found on "helm/repos" due: reading the secret "helm/repos" from vault: no secret "helm/repos" not found in vault
Read credentials for http://jenkins-x-chartmuseum:8080 from vault helm/repos
Successfully added Helm repository jenkins-x-chartmuseum.
WARNING: No $CHART_REPOSITORY defined so using the default value of: http://jenkins-x-chartmuseum:8080
Adding missing Helm repo: chartmuseum.jenkins-x.io http://chartmuseum.jenkins-x.io
WARNING: No secrets found on "helm/repos" due: reading the secret "helm/repos" from vault: no secret "helm/repos" not found in vault
Read credentials for http://chartmuseum.jenkins-x.io from vault helm/repos
Successfully added Helm repository chartmuseum.jenkins-x.io.
